<?xml version="1.0" encoding="UTF-8" ?>
<testsuite tests="62" failures="20" name="br.com.qa.av.test.steps.TestRunner" time="0.023" errors="0" skipped="0">
  <properties>
[...]
</properties>
  <testcase classname="Scenario: user signin website" name="Given that the user is on Home Page" time="0.003"/>
  <testcase classname="Scenario: user signin website" name="And I try Signin on website with parameter below" time="0"/>
  <testcase classname="Scenario: user signin website" name="When click My Tasks link on the navbar" time="0"/>
  <testcase classname="Scenario: user signin website" name="Then I will see the message &quot;Hey John, this is your todo list for today&quot;" time="0.005">
    <failure message="expected:&lt;[Hey John, this is your todo list for today]&gt; but was:&lt;[Ronaldo_Silva&apos;s ToDo List]&gt;" type="org.junit.ComparisonFailure">org.junit.ComparisonFailure: expected:&lt;[Hey John, this is your todo list for today]&gt; but was:&lt;[Ronaldo_Silva&apos;s ToDo List]&gt;
	at org.junit.Assert.assertEquals(Assert.java:115)
	at org.junit.Assert.assertEquals(Assert.java:144)
	at br.com.qa.av.test.steps.LoginStep.iWillSeeTheMessage(LoginStep.java:71)
	at ✽.Then I will see the message &quot;Hey John, this is your todo list for today&quot;(features/login.feature:11)
</failure>
  </testcase>
  <testcase classname="Scenario: user signin website" name="Scenario: user signin website" time="0.006">
    <failure message="expected:&lt;[Hey John, this is your todo list for today]&gt; but was:&lt;[Ronaldo_Silva&apos;s ToDo List]&gt;" type="org.junit.ComparisonFailure">org.junit.ComparisonFailure: expected:&lt;[Hey John, this is your todo list for today]&gt; but was:&lt;[Ronaldo_Silva&apos;s ToDo List]&gt;
	at org.junit.Assert.assertEquals(Assert.java:115)
	at org.junit.Assert.assertEquals(Assert.java:144)
	at br.com.qa.av.test.steps.LoginStep.iWillSeeTheMessage(LoginStep.java:71)
	at ✽.Then I will see the message &quot;Hey John, this is your todo list for today&quot;(features/login.feature:11)
</failure>
  </testcase>
  <testcase classname="| 0 |" name="Given that the user is on Home Page" time="0"/>
  <testcase classname="| 0 |" name="And I try Signin on website with parameter below" time="0"/>
  <testcase classname="| 0 |" name="When I create new task" time="0"/>
  <testcase classname="| 0 |" name="And I click manage subtasks" time="0"/>
  <testcase classname="| 0 |" name="And type a new subtask more than 0 characteres" time="0"/>
  <testcase classname="| 0 |" name="Then the system should not create subtask" time="0">
    <failure message="expected null, but was:&lt;empty&gt;" type="java.lang.AssertionError">java.lang.AssertionError: expected null, but was:&lt;empty&gt;
	at org.junit.Assert.fail(Assert.java:88)
	at org.junit.Assert.failNotNull(Assert.java:755)
	at org.junit.Assert.assertNull(Assert.java:737)
	at org.junit.Assert.assertNull(Assert.java:747)
	at br.com.qa.av.test.steps.SubtaskStep.theSystemShouldNotCreateSubtask(SubtaskStep.java:78)
	at ✽.Then the system should not create subtask(features/subtask.feature:13)
</failure>
  </testcase>
  <testcase classname="| 0 |" name="| 0 |" time="0.001">
    <failure message="expected null, but was:&lt;empty&gt;" type="java.lang.AssertionError">java.lang.AssertionError: expected null, but was:&lt;empty&gt;
	at org.junit.Assert.fail(Assert.java:88)
	at org.junit.Assert.failNotNull(Assert.java:755)
	at org.junit.Assert.assertNull(Assert.java:737)
	at org.junit.Assert.assertNull(Assert.java:747)
	at br.com.qa.av.test.steps.SubtaskStep.theSystemShouldNotCreateSubtask(SubtaskStep.java:78)
	at ✽.Then the system should not create subtask(features/subtask.feature:13)
</failure>
  </testcase>
  <testcase classname="| 254 |" name="Given that the user is on Home Page" time="0"/>
  <testcase classname="| 254 |" name="And I try Signin on website with parameter below" time="0"/>
  <testcase classname="| 254 |" name="When I create new task" time="0"/>
  <testcase classname="| 254 |" name="And I click manage subtasks" time="0"/>
  <testcase classname="| 254 |" name="And type a new subtask more than 254 characteres" time="0"/>
  <testcase classname="| 254 |" name="Then the system should not create subtask" time="0.001">
    <failure message="expected null, but was:&lt;vdgyxvxucdfvedvfglecfbignullguwnwhrfsrpgxgnyincyszdeazcksncimvahvdaamrwqdyfliyqijgjxutqzrrjpgijrkdflwcuzxrsirnehtmrsharunpanvqjpyidzockkiscapzkvvkrmpnqpkygrxdbhlclujaaweqjycddzkcpqskfmapbzqbtwxlrbmfiiprtssfrzwrtsyofyxeokvipmtiponvjoqnjkaitbtbjztigpoxnhrt&gt;" type="java.lang.AssertionError">java.lang.AssertionError: expected null, but was:&lt;vdgyxvxucdfvedvfglecfbignullguwnwhrfsrpgxgnyincyszdeazcksncimvahvdaamrwqdyfliyqijgjxutqzrrjpgijrkdflwcuzxrsirnehtmrsharunpanvqjpyidzockkiscapzkvvkrmpnqpkygrxdbhlclujaaweqjycddzkcpqskfmapbzqbtwxlrbmfiiprtssfrzwrtsyofyxeokvipmtiponvjoqnjkaitbtbjztigpoxnhrt&gt;
	at org.junit.Assert.fail(Assert.java:88)
	at org.junit.Assert.failNotNull(Assert.java:755)
	at org.junit.Assert.assertNull(Assert.java:737)
	at org.junit.Assert.assertNull(Assert.java:747)
	at br.com.qa.av.test.steps.SubtaskStep.theSystemShouldNotCreateSubtask(SubtaskStep.java:78)
	at ✽.Then the system should not create subtask(features/subtask.feature:13)
</failure>
  </testcase>
  <testcase classname="| 254 |" name="| 254 |" time="0.001">
    <failure message="expected null, but was:&lt;vdgyxvxucdfvedvfglecfbignullguwnwhrfsrpgxgnyincyszdeazcksncimvahvdaamrwqdyfliyqijgjxutqzrrjpgijrkdflwcuzxrsirnehtmrsharunpanvqjpyidzockkiscapzkvvkrmpnqpkygrxdbhlclujaaweqjycddzkcpqskfmapbzqbtwxlrbmfiiprtssfrzwrtsyofyxeokvipmtiponvjoqnjkaitbtbjztigpoxnhrt&gt;" type="java.lang.AssertionError">java.lang.AssertionError: expected null, but was:&lt;vdgyxvxucdfvedvfglecfbignullguwnwhrfsrpgxgnyincyszdeazcksncimvahvdaamrwqdyfliyqijgjxutqzrrjpgijrkdflwcuzxrsirnehtmrsharunpanvqjpyidzockkiscapzkvvkrmpnqpkygrxdbhlclujaaweqjycddzkcpqskfmapbzqbtwxlrbmfiiprtssfrzwrtsyofyxeokvipmtiponvjoqnjkaitbtbjztigpoxnhrt&gt;
	at org.junit.Assert.fail(Assert.java:88)
	at org.junit.Assert.failNotNull(Assert.java:755)
	at org.junit.Assert.assertNull(Assert.java:737)
	at org.junit.Assert.assertNull(Assert.java:747)
	at br.com.qa.av.test.steps.SubtaskStep.theSystemShouldNotCreateSubtask(SubtaskStep.java:78)
	at ✽.Then the system should not create subtask(features/subtask.feature:13)
</failure>
  </testcase>
  <testcase classname="| &quot;00000000&quot; |" name="Given that the user is on Home Page" time="0"/>
  <testcase classname="| &quot;00000000&quot; |" name="And I try Signin on website with parameter below" time="0"/>
  <testcase classname="| &quot;00000000&quot; |" name="When I create new task" time="0"/>
  <testcase classname="| &quot;00000000&quot; |" name="And I click manage subtasks" time="0"/>
  <testcase classname="| &quot;00000000&quot; |" name="And I type due date &quot;00000000&quot;" time="0"/>
  <testcase classname="| &quot;00000000&quot; |" name="Then the system should not create subtask" time="0">
    <failure message="expected null, but was:&lt;empty&gt;" type="java.lang.AssertionError">java.lang.AssertionError: expected null, but was:&lt;empty&gt;
	at org.junit.Assert.fail(Assert.java:88)
	at org.junit.Assert.failNotNull(Assert.java:755)
	at org.junit.Assert.assertNull(Assert.java:737)
	at org.junit.Assert.assertNull(Assert.java:747)
	at br.com.qa.av.test.steps.SubtaskStep.theSystemShouldNotCreateSubtask(SubtaskStep.java:78)
	at ✽.Then the system should not create subtask(features/subtask.feature:32)
</failure>
  </testcase>
  <testcase classname="| &quot;00000000&quot; |" name="| &quot;00000000&quot; |" time="0.001">
    <failure message="expected null, but was:&lt;empty&gt;" type="java.lang.AssertionError">java.lang.AssertionError: expected null, but was:&lt;empty&gt;
	at org.junit.Assert.fail(Assert.java:88)
	at org.junit.Assert.failNotNull(Assert.java:755)
	at org.junit.Assert.assertNull(Assert.java:737)
	at org.junit.Assert.assertNull(Assert.java:747)
	at br.com.qa.av.test.steps.SubtaskStep.theSystemShouldNotCreateSubtask(SubtaskStep.java:78)
	at ✽.Then the system should not create subtask(features/subtask.feature:32)
</failure>
  </testcase>
  <testcase classname="| &quot;20180920&quot; |" name="Given that the user is on Home Page" time="0"/>
  <testcase classname="| &quot;20180920&quot; |" name="And I try Signin on website with parameter below" time="0"/>
  <testcase classname="| &quot;20180920&quot; |" name="When I create new task" time="0"/>
  <testcase classname="| &quot;20180920&quot; |" name="And I click manage subtasks" time="0"/>
  <testcase classname="| &quot;20180920&quot; |" name="And I type due date &quot;20180920&quot;" time="0"/>
  <testcase classname="| &quot;20180920&quot; |" name="Then the system should not create subtask" time="0">
    <failure message="expected null, but was:&lt;empty&gt;" type="java.lang.AssertionError">java.lang.AssertionError: expected null, but was:&lt;empty&gt;
	at org.junit.Assert.fail(Assert.java:88)
	at org.junit.Assert.failNotNull(Assert.java:755)
	at org.junit.Assert.assertNull(Assert.java:737)
	at org.junit.Assert.assertNull(Assert.java:747)
	at br.com.qa.av.test.steps.SubtaskStep.theSystemShouldNotCreateSubtask(SubtaskStep.java:78)
	at ✽.Then the system should not create subtask(features/subtask.feature:32)
</failure>
  </testcase>
  <testcase classname="| &quot;20180920&quot; |" name="| &quot;20180920&quot; |" time="0">
    <failure message="expected null, but was:&lt;empty&gt;" type="java.lang.AssertionError">java.lang.AssertionError: expected null, but was:&lt;empty&gt;
	at org.junit.Assert.fail(Assert.java:88)
	at org.junit.Assert.failNotNull(Assert.java:755)
	at org.junit.Assert.assertNull(Assert.java:737)
	at org.junit.Assert.assertNull(Assert.java:747)
	at br.com.qa.av.test.steps.SubtaskStep.theSystemShouldNotCreateSubtask(SubtaskStep.java:78)
	at ✽.Then the system should not create subtask(features/subtask.feature:32)
</failure>
  </testcase>
  <testcase classname="| &quot;qwerthgf&quot; |" name="Given that the user is on Home Page" time="0"/>
  <testcase classname="| &quot;qwerthgf&quot; |" name="And I try Signin on website with parameter below" time="0"/>
  <testcase classname="| &quot;qwerthgf&quot; |" name="When I create new task" time="0"/>
  <testcase classname="| &quot;qwerthgf&quot; |" name="And I click manage subtasks" time="0"/>
  <testcase classname="| &quot;qwerthgf&quot; |" name="And I type due date &quot;qwerthgf&quot;" time="0"/>
  <testcase classname="| &quot;qwerthgf&quot; |" name="Then the system should not create subtask" time="0.001">
    <failure message="expected null, but was:&lt;empty&gt;" type="java.lang.AssertionError">java.lang.AssertionError: expected null, but was:&lt;empty&gt;
	at org.junit.Assert.fail(Assert.java:88)
	at org.junit.Assert.failNotNull(Assert.java:755)
	at org.junit.Assert.assertNull(Assert.java:737)
	at org.junit.Assert.assertNull(Assert.java:747)
	at br.com.qa.av.test.steps.SubtaskStep.theSystemShouldNotCreateSubtask(SubtaskStep.java:78)
	at ✽.Then the system should not create subtask(features/subtask.feature:32)
</failure>
  </testcase>
  <testcase classname="| &quot;qwerthgf&quot; |" name="| &quot;qwerthgf&quot; |" time="0.001">
    <failure message="expected null, but was:&lt;empty&gt;" type="java.lang.AssertionError">java.lang.AssertionError: expected null, but was:&lt;empty&gt;
	at org.junit.Assert.fail(Assert.java:88)
	at org.junit.Assert.failNotNull(Assert.java:755)
	at org.junit.Assert.assertNull(Assert.java:737)
	at org.junit.Assert.assertNull(Assert.java:747)
	at br.com.qa.av.test.steps.SubtaskStep.theSystemShouldNotCreateSubtask(SubtaskStep.java:78)
	at ✽.Then the system should not create subtask(features/subtask.feature:32)
</failure>
  </testcase>
  <testcase classname="Scenario: required fields" name="Given that the user is on Home Page" time="0"/>
  <testcase classname="Scenario: required fields" name="And I try Signin on website with parameter below" time="0"/>
  <testcase classname="Scenario: required fields" name="When I create new task" time="0"/>
  <testcase classname="Scenario: required fields" name="And I click manage subtasks" time="0"/>
  <testcase classname="Scenario: required fields" name="And click in addSubTask" time="0"/>
  <testcase classname="Scenario: required fields" name="Then the system should not create subtask" time="0">
    <failure message="expected null, but was:&lt;empty&gt;" type="java.lang.AssertionError">java.lang.AssertionError: expected null, but was:&lt;empty&gt;
	at org.junit.Assert.fail(Assert.java:88)
	at org.junit.Assert.failNotNull(Assert.java:755)
	at org.junit.Assert.assertNull(Assert.java:737)
	at org.junit.Assert.assertNull(Assert.java:747)
	at br.com.qa.av.test.steps.SubtaskStep.theSystemShouldNotCreateSubtask(SubtaskStep.java:78)
	at ✽.Then the system should not create subtask(features/subtask.feature:51)
</failure>
  </testcase>
  <testcase classname="Scenario: required fields" name="Scenario: required fields" time="0">
    <failure message="expected null, but was:&lt;empty&gt;" type="java.lang.AssertionError">java.lang.AssertionError: expected null, but was:&lt;empty&gt;
	at org.junit.Assert.fail(Assert.java:88)
	at org.junit.Assert.failNotNull(Assert.java:755)
	at org.junit.Assert.assertNull(Assert.java:737)
	at org.junit.Assert.assertNull(Assert.java:747)
	at br.com.qa.av.test.steps.SubtaskStep.theSystemShouldNotCreateSubtask(SubtaskStep.java:78)
	at ✽.Then the system should not create subtask(features/subtask.feature:51)
</failure>
  </testcase>
  <testcase classname="| 0 |" name="Given that the user is on Home Page" time="0"/>
  <testcase classname="| 0 |" name="And I try Signin on website with parameter below" time="0"/>
  <testcase classname="| 0 |" name="When I create the task with 0 character" time="0"/>
  <testcase classname="| 0 |" name="Then the system should not create task" time="0.001">
    <failure message="expected null, but was:&lt;empty&gt;" type="java.lang.AssertionError">java.lang.AssertionError: expected null, but was:&lt;empty&gt;
	at org.junit.Assert.fail(Assert.java:88)
	at org.junit.Assert.failNotNull(Assert.java:755)
	at org.junit.Assert.assertNull(Assert.java:737)
	at org.junit.Assert.assertNull(Assert.java:747)
	at br.com.qa.av.test.steps.TaskStep.theSystemShouldNotCreateTask(TaskStep.java:51)
	at ✽.Then the system should not create task(features/task.feature:11)
</failure>
  </testcase>
  <testcase classname="| 0 |" name="| 0 |" time="0.001">
    <failure message="expected null, but was:&lt;empty&gt;" type="java.lang.AssertionError">java.lang.AssertionError: expected null, but was:&lt;empty&gt;
	at org.junit.Assert.fail(Assert.java:88)
	at org.junit.Assert.failNotNull(Assert.java:755)
	at org.junit.Assert.assertNull(Assert.java:737)
	at org.junit.Assert.assertNull(Assert.java:747)
	at br.com.qa.av.test.steps.TaskStep.theSystemShouldNotCreateTask(TaskStep.java:51)
	at ✽.Then the system should not create task(features/task.feature:11)
</failure>
  </testcase>
  <testcase classname="| 2 |" name="Given that the user is on Home Page" time="0"/>
  <testcase classname="| 2 |" name="And I try Signin on website with parameter below" time="0"/>
  <testcase classname="| 2 |" name="When I create the task with 2 character" time="0"/>
  <testcase classname="| 2 |" name="Then the system should not create task" time="0">
    <failure message="expected null, but was:&lt;cq&gt;" type="java.lang.AssertionError">java.lang.AssertionError: expected null, but was:&lt;cq&gt;
	at org.junit.Assert.fail(Assert.java:88)
	at org.junit.Assert.failNotNull(Assert.java:755)
	at org.junit.Assert.assertNull(Assert.java:737)
	at org.junit.Assert.assertNull(Assert.java:747)
	at br.com.qa.av.test.steps.TaskStep.theSystemShouldNotCreateTask(TaskStep.java:51)
	at ✽.Then the system should not create task(features/task.feature:11)
</failure>
  </testcase>
  <testcase classname="| 2 |" name="| 2 |" time="0">
    <failure message="expected null, but was:&lt;cq&gt;" type="java.lang.AssertionError">java.lang.AssertionError: expected null, but was:&lt;cq&gt;
	at org.junit.Assert.fail(Assert.java:88)
	at org.junit.Assert.failNotNull(Assert.java:755)
	at org.junit.Assert.assertNull(Assert.java:737)
	at org.junit.Assert.assertNull(Assert.java:747)
	at br.com.qa.av.test.steps.TaskStep.theSystemShouldNotCreateTask(TaskStep.java:51)
	at ✽.Then the system should not create task(features/task.feature:11)
</failure>
  </testcase>
  <testcase classname="| 252 |" name="Given that the user is on Home Page" time="0.001"/>
  <testcase classname="| 252 |" name="And I try Signin on website with parameter below" time="0"/>
  <testcase classname="| 252 |" name="When I create the task with 252 character" time="0"/>
  <testcase classname="| 252 |" name="Then the system should not create task" time="0">
    <failure message="expected null, but was:&lt;otdscixaodnibxiguferoufvidaoiwzhifodowuuirqyqxblagagelxrfonskfbzdskaoltxttcafcdxabtwzrefhlxinyvplyatyrkjnnujorsoxwisiqantdlfzavgljqnqfoendxfwijypyzpknxvicxywogaacbozibgbdgrloisriakkhnhcerkfsktowcsqegdfzjnokjkcorwmecpeukgkuzghllmxxlugjmbibojfuqudepwgjxb&gt;" type="java.lang.AssertionError">java.lang.AssertionError: expected null, but was:&lt;otdscixaodnibxiguferoufvidaoiwzhifodowuuirqyqxblagagelxrfonskfbzdskaoltxttcafcdxabtwzrefhlxinyvplyatyrkjnnujorsoxwisiqantdlfzavgljqnqfoendxfwijypyzpknxvicxywogaacbozibgbdgrloisriakkhnhcerkfsktowcsqegdfzjnokjkcorwmecpeukgkuzghllmxxlugjmbibojfuqudepwgjxb&gt;
	at org.junit.Assert.fail(Assert.java:88)
	at org.junit.Assert.failNotNull(Assert.java:755)
	at org.junit.Assert.assertNull(Assert.java:737)
	at org.junit.Assert.assertNull(Assert.java:747)
	at br.com.qa.av.test.steps.TaskStep.theSystemShouldNotCreateTask(TaskStep.java:51)
	at ✽.Then the system should not create task(features/task.feature:11)
</failure>
  </testcase>
  <testcase classname="| 252 |" name="| 252 |" time="0">
    <failure message="expected null, but was:&lt;otdscixaodnibxiguferoufvidaoiwzhifodowuuirqyqxblagagelxrfonskfbzdskaoltxttcafcdxabtwzrefhlxinyvplyatyrkjnnujorsoxwisiqantdlfzavgljqnqfoendxfwijypyzpknxvicxywogaacbozibgbdgrloisriakkhnhcerkfsktowcsqegdfzjnokjkcorwmecpeukgkuzghllmxxlugjmbibojfuqudepwgjxb&gt;" type="java.lang.AssertionError">java.lang.AssertionError: expected null, but was:&lt;otdscixaodnibxiguferoufvidaoiwzhifodowuuirqyqxblagagelxrfonskfbzdskaoltxttcafcdxabtwzrefhlxinyvplyatyrkjnnujorsoxwisiqantdlfzavgljqnqfoendxfwijypyzpknxvicxywogaacbozibgbdgrloisriakkhnhcerkfsktowcsqegdfzjnokjkcorwmecpeukgkuzghllmxxlugjmbibojfuqudepwgjxb&gt;
	at org.junit.Assert.fail(Assert.java:88)
	at org.junit.Assert.failNotNull(Assert.java:755)
	at org.junit.Assert.assertNull(Assert.java:737)
	at org.junit.Assert.assertNull(Assert.java:747)
	at br.com.qa.av.test.steps.TaskStep.theSystemShouldNotCreateTask(TaskStep.java:51)
	at ✽.Then the system should not create task(features/task.feature:11)
</failure>
  </testcase>
</testsuite>